<?xml version="1.0" encoding="UTF-8"?>
<robot generator="Robot 4.0 (Python 3.9.2 on win32)" generated="20210903 22:08:43.319" rpa="false" schemaversion="2">
<suite id="s1" name="Specs" source="D:\QANinja_Marvel-API\specs">
<suite id="s1-s1" name="CreateCharacters" source="D:\QANinja_Marvel-API\specs\CreateCharacters.robot">
<kw name="Super Setup" library="Base" type="SETUP">
<arg>tati_sal@hotmail.com</arg>
<kw name="Set Client Key" library="Base">
<arg>${email}</arg>
<kw name="Create Dictionary" library="BuiltIn">
<var>&amp;{usuario}</var>
<arg>email=${email}</arg>
<doc>Creates and returns a dictionary based on the given ``items``.</doc>
<msg timestamp="20210903 22:08:43.550" level="INFO">&amp;{usuario} = { email=tati_sal@hotmail.com }</msg>
<status status="PASS" starttime="20210903 22:08:43.550" endtime="20210903 22:08:43.550"/>
</kw>
<kw name="POST" library="RequestsLibrary">
<var>${response}</var>
<arg>${API_URL}/accounts</arg>
<arg>json=${usuario}</arg>
<doc>Sends a POST request.</doc>
<msg timestamp="20210903 22:08:44.215" level="INFO">POST Request : url=http://marvel.qaninja.academy/accounts 
 path_url=/accounts 
 headers={'User-Agent': 'python-requests/2.26.0', 'Accept-Encoding': 'gzip, deflate', 'Accept': '*/*', 'Connection': 'keep-alive', 'Content-Length': '33', 'Content-Type': 'application/json'} 
 body=b'{"email": "tati_sal@hotmail.com"}' 
 </msg>
<msg timestamp="20210903 22:08:44.215" level="INFO">POST Response : url=http://marvel.qaninja.academy/accounts 
 status=200, reason=OK 
 headers={'Server': 'Cowboy', 'Connection': 'keep-alive', 'X-Powered-By': 'Express', 'Access-Control-Allow-Origin': '*', 'Content-Type': 'application/json; charset=utf-8', 'Content-Length': '41', 'Etag': 'W/"29-UesFe08ipS8CiBzyjv96wgNUsjo"', 'Date': 'Sat, 04 Sep 2021 01:08:44 GMT', 'Via': '1.1 vegur'} 
 body={"client_key":"61301872874ab200165f137e"} 
 </msg>
<msg timestamp="20210903 22:08:44.216" level="INFO">${response} = &lt;Response [200]&gt;</msg>
<status status="PASS" starttime="20210903 22:08:43.840" endtime="20210903 22:08:44.216"/>
</kw>
<kw name="Set Variable" library="BuiltIn">
<var>${client_key}</var>
<arg>${response.json()}[client_key]</arg>
<doc>Returns the given values which can then be assigned to a variables.</doc>
<msg timestamp="20210903 22:08:44.224" level="INFO">${client_key} = 61301872874ab200165f137e</msg>
<status status="PASS" starttime="20210903 22:08:44.221" endtime="20210903 22:08:44.224"/>
</kw>
<kw name="Create Dictionary" library="BuiltIn">
<var>&amp;{HEADERS}</var>
<arg>client_key=${client_key}</arg>
<doc>Creates and returns a dictionary based on the given ``items``.</doc>
<msg timestamp="20210903 22:08:44.231" level="INFO">&amp;{HEADERS} = { client_key=61301872874ab200165f137e }</msg>
<status status="PASS" starttime="20210903 22:08:44.229" endtime="20210903 22:08:44.231"/>
</kw>
<kw name="Set Suite Variable" library="BuiltIn">
<arg>${HEADERS}</arg>
<doc>Makes a variable available everywhere within the scope of the current suite.</doc>
<msg timestamp="20210903 22:08:44.238" level="INFO">${HEADERS} = {'client_key': '61301872874ab200165f137e'}</msg>
<status status="PASS" starttime="20210903 22:08:44.237" endtime="20210903 22:08:44.238"/>
</kw>
<status status="PASS" starttime="20210903 22:08:43.549" endtime="20210903 22:08:44.240"/>
</kw>
<kw name="Back To The Past" library="Base">
<kw name="DELETE" library="RequestsLibrary">
<arg>${API_URL}/delorean</arg>
<arg>headers=${HEADERS}</arg>
<doc>Sends a DELETE request.</doc>
<msg timestamp="20210903 22:08:44.629" level="INFO">DELETE Request : url=http://marvel.qaninja.academy/delorean 
 path_url=/delorean 
 headers={'User-Agent': 'python-requests/2.26.0', 'Accept-Encoding': 'gzip, deflate', 'Accept': '*/*', 'Connection': 'keep-alive', 'client_key': '61301872874ab200165f137e', 'Content-Length': '0'} 
 body=None 
 </msg>
<msg timestamp="20210903 22:08:44.629" level="INFO">DELETE Response : url=http://marvel.qaninja.academy/delorean 
 status=200, reason=OK 
 headers={'Server': 'Cowboy', 'Connection': 'keep-alive', 'X-Powered-By': 'Express', 'Access-Control-Allow-Origin': '*', 'Content-Type': 'application/json; charset=utf-8', 'Content-Length': '31', 'Etag': 'W/"1f-ImqlboUfbv1n1FbEV48J/4RvhGg"', 'Date': 'Sat, 04 Sep 2021 01:08:44 GMT', 'Via': '1.1 vegur'} 
 body={"message":"Avengers Assemble"} 
 </msg>
<status status="PASS" starttime="20210903 22:08:44.242" endtime="20210903 22:08:44.630"/>
</kw>
<status status="PASS" starttime="20210903 22:08:44.241" endtime="20210903 22:08:44.634"/>
</kw>
<status status="PASS" starttime="20210903 22:08:43.549" endtime="20210903 22:08:44.635"/>
</kw>
<test id="s1-s1-t1" name="Deve cadastrar um personagem">
<kw name="Factory Star Lord" library="Guardians">
<var>&amp;{personagem}</var>
<msg timestamp="20210903 22:08:44.641" level="INFO">&amp;{personagem} = { name=Peter Quill | aliases=Star Lord | age=30 | team=Guardians of the Galaxy | active=True }</msg>
<status status="PASS" starttime="20210903 22:08:44.640" endtime="20210903 22:08:44.642"/>
</kw>
<kw name="POST New Character" library="Characters">
<var>${response}</var>
<arg>${personagem}</arg>
<kw name="POST" library="RequestsLibrary">
<var>${response}</var>
<arg>${API_URL}/characters</arg>
<arg>json=${payload}</arg>
<arg>headers=${HEADERS}</arg>
<arg>expected_status=any</arg>
<doc>Sends a POST request.</doc>
<msg timestamp="20210903 22:08:44.994" level="INFO">POST Request : url=http://marvel.qaninja.academy/characters 
 path_url=/characters 
 headers={'User-Agent': 'python-requests/2.26.0', 'Accept-Encoding': 'gzip, deflate', 'Accept': '*/*', 'Connection': 'keep-alive', 'client_key': '61301872874ab200165f137e', 'Content-Length': '109', 'Content-Type': 'application/json'} 
 body=b'{"name": "Peter Quill", "aliases": "Star Lord", "age": 30, "team": "Guardians of the Galaxy", "active": true}' 
 </msg>
<msg timestamp="20210903 22:08:44.994" level="INFO">POST Response : url=http://marvel.qaninja.academy/characters 
 status=200, reason=OK 
 headers={'Server': 'Cowboy', 'Connection': 'keep-alive', 'X-Powered-By': 'Express', 'Access-Control-Allow-Origin': '*', 'Content-Type': 'application/json; charset=utf-8', 'Content-Length': '168', 'Etag': 'W/"a8-8TjG7wMLNyJLB3/H15rgiieeLqo"', 'Date': 'Sat, 04 Sep 2021 01:08:45 GMT', 'Via': '1.1 vegur'} 
 body={"_id":"6132c71d6af31f00169d4c46","name":"Peter Quill","age":30,"aliases":"Star Lord","team":"Guardians of the Galaxy","active":true,"owner":"61301872874ab200165f137e"} 
 </msg>
<msg timestamp="20210903 22:08:44.995" level="INFO">${response} = &lt;Response [200]&gt;</msg>
<status status="PASS" starttime="20210903 22:08:44.648" endtime="20210903 22:08:44.995"/>
</kw>
<msg timestamp="20210903 22:08:45.000" level="INFO">${response} = &lt;Response [200]&gt;</msg>
<status status="PASS" starttime="20210903 22:08:44.646" endtime="20210903 22:08:45.000"/>
</kw>
<kw name="Status Should Be" library="RequestsLibrary">
<arg>200</arg>
<arg>${response}</arg>
<doc>Fails if response status code is different than the expected.</doc>
<status status="PASS" starttime="20210903 22:08:45.009" endtime="20210903 22:08:45.010"/>
</kw>
<status status="PASS" starttime="20210903 22:08:44.637" endtime="20210903 22:08:45.013"/>
</test>
<test id="s1-s1-t2" name="Não deve cadastrar com o mesmo nome">
<kw name="Factory Groot" library="Guardians">
<var>${personagem}</var>
<msg timestamp="20210903 22:08:45.038" level="INFO">${personagem} = {'name': 'Groot', 'aliases': 'Groot', 'age': 3000, 'team': 'Guardians of the Galaxy', 'active': True}</msg>
<status status="PASS" starttime="20210903 22:08:45.037" endtime="20210903 22:08:45.039"/>
</kw>
<kw name="POST New Character" library="Characters">
<arg>${personagem}</arg>
<kw name="POST" library="RequestsLibrary">
<var>${response}</var>
<arg>${API_URL}/characters</arg>
<arg>json=${payload}</arg>
<arg>headers=${HEADERS}</arg>
<arg>expected_status=any</arg>
<doc>Sends a POST request.</doc>
<msg timestamp="20210903 22:08:45.372" level="INFO">POST Request : url=http://marvel.qaninja.academy/characters 
 path_url=/characters 
 headers={'User-Agent': 'python-requests/2.26.0', 'Accept-Encoding': 'gzip, deflate', 'Accept': '*/*', 'Connection': 'keep-alive', 'client_key': '61301872874ab200165f137e', 'Content-Length': '101', 'Content-Type': 'application/json'} 
 body=b'{"name": "Groot", "aliases": "Groot", "age": 3000, "team": "Guardians of the Galaxy", "active": true}' 
 </msg>
<msg timestamp="20210903 22:08:45.373" level="INFO">POST Response : url=http://marvel.qaninja.academy/characters 
 status=200, reason=OK 
 headers={'Server': 'Cowboy', 'Connection': 'keep-alive', 'X-Powered-By': 'Express', 'Access-Control-Allow-Origin': '*', 'Content-Type': 'application/json; charset=utf-8', 'Content-Length': '160', 'Etag': 'W/"a0-r8uZduDQlGQgBH52jXX7hm2aKo8"', 'Date': 'Sat, 04 Sep 2021 01:08:45 GMT', 'Via': '1.1 vegur'} 
 body={"_id":"6132c71d6af31f00169d4c4a","name":"Groot","age":3000,"aliases":"Groot","team":"Guardians of the Galaxy","active":true,"owner":"61301872874ab200165f137e"} 
 </msg>
<msg timestamp="20210903 22:08:45.374" level="INFO">${response} = &lt;Response [200]&gt;</msg>
<status status="PASS" starttime="20210903 22:08:45.046" endtime="20210903 22:08:45.374"/>
</kw>
<status status="PASS" starttime="20210903 22:08:45.044" endtime="20210903 22:08:45.379"/>
</kw>
<kw name="POST New Character" library="Characters">
<var>${response}</var>
<arg>${personagem}</arg>
<kw name="POST" library="RequestsLibrary">
<var>${response}</var>
<arg>${API_URL}/characters</arg>
<arg>json=${payload}</arg>
<arg>headers=${HEADERS}</arg>
<arg>expected_status=any</arg>
<doc>Sends a POST request.</doc>
<msg timestamp="20210903 22:08:45.751" level="INFO">POST Request : url=http://marvel.qaninja.academy/characters 
 path_url=/characters 
 headers={'User-Agent': 'python-requests/2.26.0', 'Accept-Encoding': 'gzip, deflate', 'Accept': '*/*', 'Connection': 'keep-alive', 'client_key': '61301872874ab200165f137e', 'Content-Length': '101', 'Content-Type': 'application/json'} 
 body=b'{"name": "Groot", "aliases": "Groot", "age": 3000, "team": "Guardians of the Galaxy", "active": true}' 
 </msg>
<msg timestamp="20210903 22:08:45.751" level="INFO">POST Response : url=http://marvel.qaninja.academy/characters 
 status=409, reason=Conflict 
 headers={'Server': 'Cowboy', 'Connection': 'keep-alive', 'X-Powered-By': 'Express', 'Access-Control-Allow-Origin': '*', 'Content-Type': 'application/json; charset=utf-8', 'Content-Length': '39', 'Etag': 'W/"27-u8CjYCAAYHK/l+EQR0JyKi0LQGU"', 'Date': 'Sat, 04 Sep 2021 01:08:46 GMT', 'Via': '1.1 vegur'} 
 body={"error":"Character already exists :("} 
 </msg>
<msg timestamp="20210903 22:08:45.752" level="INFO">${response} = &lt;Response [409]&gt;</msg>
<status status="PASS" starttime="20210903 22:08:45.384" endtime="20210903 22:08:45.752"/>
</kw>
<msg timestamp="20210903 22:08:45.757" level="INFO">${response} = &lt;Response [409]&gt;</msg>
<status status="PASS" starttime="20210903 22:08:45.382" endtime="20210903 22:08:45.757"/>
</kw>
<kw name="Status Should Be" library="RequestsLibrary">
<arg>409</arg>
<arg>${response}</arg>
<doc>Fails if response status code is different than the expected.</doc>
<status status="PASS" starttime="20210903 22:08:45.764" endtime="20210903 22:08:45.766"/>
</kw>
<kw name="Should Be Equal" library="BuiltIn">
<arg>${response.json()}[error]</arg>
<arg>Character already exists :(</arg>
<doc>Fails if the given objects are unequal.</doc>
<status status="PASS" starttime="20210903 22:08:45.768" endtime="20210903 22:08:45.771"/>
</kw>
<tag>dup</tag>
<status status="PASS" starttime="20210903 22:08:45.035" endtime="20210903 22:08:45.773"/>
</test>
<doc>Suite de Teste do cadastro de personagens na API da Marvel</doc>
<status status="PASS" starttime="20210903 22:08:43.416" endtime="20210903 22:08:45.794"/>
</suite>
<suite id="s1-s2" name="RemoveCharacters" source="D:\QANinja_Marvel-API\specs\RemoveCharacters.robot">
<kw name="Super Setup" library="Base" type="SETUP">
<arg>tati_sal@msn.com</arg>
<kw name="Set Client Key" library="Base">
<arg>${email}</arg>
<kw name="Create Dictionary" library="BuiltIn">
<var>&amp;{usuario}</var>
<arg>email=${email}</arg>
<doc>Creates and returns a dictionary based on the given ``items``.</doc>
<msg timestamp="20210903 22:08:45.828" level="INFO">&amp;{usuario} = { email=tati_sal@msn.com }</msg>
<status status="PASS" starttime="20210903 22:08:45.827" endtime="20210903 22:08:45.828"/>
</kw>
<kw name="POST" library="RequestsLibrary">
<var>${response}</var>
<arg>${API_URL}/accounts</arg>
<arg>json=${usuario}</arg>
<doc>Sends a POST request.</doc>
<msg timestamp="20210903 22:08:46.185" level="INFO">POST Request : url=http://marvel.qaninja.academy/accounts 
 path_url=/accounts 
 headers={'User-Agent': 'python-requests/2.26.0', 'Accept-Encoding': 'gzip, deflate', 'Accept': '*/*', 'Connection': 'keep-alive', 'Content-Length': '29', 'Content-Type': 'application/json'} 
 body=b'{"email": "tati_sal@msn.com"}' 
 </msg>
<msg timestamp="20210903 22:08:46.186" level="INFO">POST Response : url=http://marvel.qaninja.academy/accounts 
 status=200, reason=OK 
 headers={'Server': 'Cowboy', 'Connection': 'keep-alive', 'X-Powered-By': 'Express', 'Access-Control-Allow-Origin': '*', 'Content-Type': 'application/json; charset=utf-8', 'Content-Length': '41', 'Etag': 'W/"29-wncOQUTBfbPrYBSWbrSvd61mTSc"', 'Date': 'Sat, 04 Sep 2021 01:08:46 GMT', 'Via': '1.1 vegur'} 
 body={"client_key":"6132be9c6af31f00169d4496"} 
 </msg>
<msg timestamp="20210903 22:08:46.186" level="INFO">${response} = &lt;Response [200]&gt;</msg>
<status status="PASS" starttime="20210903 22:08:45.831" endtime="20210903 22:08:46.187"/>
</kw>
<kw name="Set Variable" library="BuiltIn">
<var>${client_key}</var>
<arg>${response.json()}[client_key]</arg>
<doc>Returns the given values which can then be assigned to a variables.</doc>
<msg timestamp="20210903 22:08:46.194" level="INFO">${client_key} = 6132be9c6af31f00169d4496</msg>
<status status="PASS" starttime="20210903 22:08:46.191" endtime="20210903 22:08:46.195"/>
</kw>
<kw name="Create Dictionary" library="BuiltIn">
<var>&amp;{HEADERS}</var>
<arg>client_key=${client_key}</arg>
<doc>Creates and returns a dictionary based on the given ``items``.</doc>
<msg timestamp="20210903 22:08:46.202" level="INFO">&amp;{HEADERS} = { client_key=6132be9c6af31f00169d4496 }</msg>
<status status="PASS" starttime="20210903 22:08:46.199" endtime="20210903 22:08:46.203"/>
</kw>
<kw name="Set Suite Variable" library="BuiltIn">
<arg>${HEADERS}</arg>
<doc>Makes a variable available everywhere within the scope of the current suite.</doc>
<msg timestamp="20210903 22:08:46.209" level="INFO">${HEADERS} = {'client_key': '6132be9c6af31f00169d4496'}</msg>
<status status="PASS" starttime="20210903 22:08:46.207" endtime="20210903 22:08:46.209"/>
</kw>
<status status="PASS" starttime="20210903 22:08:45.827" endtime="20210903 22:08:46.215"/>
</kw>
<kw name="Back To The Past" library="Base">
<kw name="DELETE" library="RequestsLibrary">
<arg>${API_URL}/delorean</arg>
<arg>headers=${HEADERS}</arg>
<doc>Sends a DELETE request.</doc>
<msg timestamp="20210903 22:08:46.534" level="INFO">DELETE Request : url=http://marvel.qaninja.academy/delorean 
 path_url=/delorean 
 headers={'User-Agent': 'python-requests/2.26.0', 'Accept-Encoding': 'gzip, deflate', 'Accept': '*/*', 'Connection': 'keep-alive', 'client_key': '6132be9c6af31f00169d4496', 'Content-Length': '0'} 
 body=None 
 </msg>
<msg timestamp="20210903 22:08:46.535" level="INFO">DELETE Response : url=http://marvel.qaninja.academy/delorean 
 status=200, reason=OK 
 headers={'Server': 'Cowboy', 'Connection': 'keep-alive', 'X-Powered-By': 'Express', 'Access-Control-Allow-Origin': '*', 'Content-Type': 'application/json; charset=utf-8', 'Content-Length': '31', 'Etag': 'W/"1f-ImqlboUfbv1n1FbEV48J/4RvhGg"', 'Date': 'Sat, 04 Sep 2021 01:08:46 GMT', 'Via': '1.1 vegur'} 
 body={"message":"Avengers Assemble"} 
 </msg>
<status status="PASS" starttime="20210903 22:08:46.217" endtime="20210903 22:08:46.535"/>
</kw>
<status status="PASS" starttime="20210903 22:08:46.217" endtime="20210903 22:08:46.540"/>
</kw>
<status status="PASS" starttime="20210903 22:08:45.826" endtime="20210903 22:08:46.541"/>
</kw>
<test id="s1-s2-t1" name="Deve remover um personagem pelo Id">
<kw name="Factory Ciclope" library="Xmen">
<var>${personagem}</var>
<msg timestamp="20210903 22:08:46.544" level="INFO">${personagem} = {'name': 'Ciclope', 'aliases': 'Ciclope', 'age': 25, 'team': 'X-men', 'active': True}</msg>
<status status="PASS" starttime="20210903 22:08:46.543" endtime="20210903 22:08:46.544"/>
</kw>
<kw name="POST New Character" library="Characters">
<var>${ciclope}</var>
<arg>${personagem}</arg>
<kw name="POST" library="RequestsLibrary">
<var>${response}</var>
<arg>${API_URL}/characters</arg>
<arg>json=${payload}</arg>
<arg>headers=${HEADERS}</arg>
<arg>expected_status=any</arg>
<doc>Sends a POST request.</doc>
<msg timestamp="20210903 22:08:47.039" level="INFO">POST Request : url=http://marvel.qaninja.academy/characters 
 path_url=/characters 
 headers={'User-Agent': 'python-requests/2.26.0', 'Accept-Encoding': 'gzip, deflate', 'Accept': '*/*', 'Connection': 'keep-alive', 'client_key': '6132be9c6af31f00169d4496', 'Content-Length': '85', 'Content-Type': 'application/json'} 
 body=b'{"name": "Ciclope", "aliases": "Ciclope", "age": 25, "team": "X-men", "active": true}' 
 </msg>
<msg timestamp="20210903 22:08:47.039" level="INFO">POST Response : url=http://marvel.qaninja.academy/characters 
 status=200, reason=OK 
 headers={'Server': 'Cowboy', 'Connection': 'keep-alive', 'X-Powered-By': 'Express', 'Access-Control-Allow-Origin': '*', 'Content-Type': 'application/json; charset=utf-8', 'Content-Length': '144', 'Etag': 'W/"90-DsatNKzYUycQwotLvZIAttytCpQ"', 'Date': 'Sat, 04 Sep 2021 01:08:47 GMT', 'Via': '1.1 vegur'} 
 body={"_id":"6132c71f6af31f00169d4c53","name":"Ciclope","age":25,"aliases":"Ciclope","team":"X-men","active":true,"owner":"6132be9c6af31f00169d4496"} 
 </msg>
<msg timestamp="20210903 22:08:47.040" level="INFO">${response} = &lt;Response [200]&gt;</msg>
<status status="PASS" starttime="20210903 22:08:46.550" endtime="20210903 22:08:47.040"/>
</kw>
<msg timestamp="20210903 22:08:47.045" level="INFO">${ciclope} = &lt;Response [200]&gt;</msg>
<status status="PASS" starttime="20210903 22:08:46.548" endtime="20210903 22:08:47.045"/>
</kw>
<kw name="Set Variable" library="BuiltIn">
<var>${ciclope_id}</var>
<arg>${ciclope.json()}[_id]</arg>
<doc>Returns the given values which can then be assigned to a variables.</doc>
<msg timestamp="20210903 22:08:47.055" level="INFO">${ciclope_id} = 6132c71f6af31f00169d4c53</msg>
<status status="PASS" starttime="20210903 22:08:47.052" endtime="20210903 22:08:47.056"/>
</kw>
<kw name="DELETE Character By Id" library="Characters">
<var>${response}</var>
<arg>${ciclope_id}</arg>
<kw name="DELETE" library="RequestsLibrary">
<var>${response}</var>
<arg>${API_URL}/characters/${character_id}</arg>
<arg>headers=${HEADERS}</arg>
<arg>expected_status=any</arg>
<doc>Sends a DELETE request.</doc>
<msg timestamp="20210903 22:08:47.466" level="INFO">DELETE Request : url=http://marvel.qaninja.academy/characters/6132c71f6af31f00169d4c53 
 path_url=/characters/6132c71f6af31f00169d4c53 
 headers={'User-Agent': 'python-requests/2.26.0', 'Accept-Encoding': 'gzip, deflate', 'Accept': '*/*', 'Connection': 'keep-alive', 'client_key': '6132be9c6af31f00169d4496', 'Content-Length': '0'} 
 body=None 
 </msg>
<msg timestamp="20210903 22:08:47.466" level="INFO">DELETE Response : url=http://marvel.qaninja.academy/characters/6132c71f6af31f00169d4c53 
 status=204, reason=No Content 
 headers={'Server': 'Cowboy', 'Content-Length': '0', 'Connection': 'keep-alive', 'X-Powered-By': 'Express', 'Access-Control-Allow-Origin': '*', 'Date': 'Sat, 04 Sep 2021 01:08:47 GMT', 'Via': '1.1 vegur'} 
 body=None 
 </msg>
<msg timestamp="20210903 22:08:47.467" level="INFO">${response} = &lt;Response [204]&gt;</msg>
<status status="PASS" starttime="20210903 22:08:47.060" endtime="20210903 22:08:47.467"/>
</kw>
<msg timestamp="20210903 22:08:47.472" level="INFO">${response} = &lt;Response [204]&gt;</msg>
<status status="PASS" starttime="20210903 22:08:47.059" endtime="20210903 22:08:47.472"/>
</kw>
<kw name="Status Should Be" library="RequestsLibrary">
<arg>204</arg>
<arg>${response}</arg>
<doc>Fails if response status code is different than the expected.</doc>
<status status="PASS" starttime="20210903 22:08:47.477" endtime="20210903 22:08:47.479"/>
</kw>
<kw name="GET Character By Id" library="Characters">
<var>${response2}</var>
<arg>${ciclope_id}</arg>
<kw name="GET" library="RequestsLibrary">
<var>${response}</var>
<arg>${API_URL}/characters/${character_id}</arg>
<arg>headers=${HEADERS}</arg>
<arg>expected_status=any</arg>
<doc>Sends a GET request.</doc>
<msg timestamp="20210903 22:08:47.889" level="INFO">GET Request : url=http://marvel.qaninja.academy/characters/6132c71f6af31f00169d4c53 
 path_url=/characters/6132c71f6af31f00169d4c53 
 headers={'User-Agent': 'python-requests/2.26.0', 'Accept-Encoding': 'gzip, deflate', 'Accept': '*/*', 'Connection': 'keep-alive', 'client_key': '6132be9c6af31f00169d4496'} 
 body=None 
 </msg>
<msg timestamp="20210903 22:08:47.889" level="INFO">GET Response : url=http://marvel.qaninja.academy/characters/6132c71f6af31f00169d4c53 
 status=404, reason=Not Found 
 headers={'Server': 'Cowboy', 'Connection': 'keep-alive', 'X-Powered-By': 'Express', 'Access-Control-Allow-Origin': '*', 'Date': 'Sat, 04 Sep 2021 01:08:48 GMT', 'Content-Length': '0', 'Via': '1.1 vegur'} 
 body=None 
 </msg>
<msg timestamp="20210903 22:08:47.890" level="INFO">${response} = &lt;Response [404]&gt;</msg>
<status status="PASS" starttime="20210903 22:08:47.483" endtime="20210903 22:08:47.890"/>
</kw>
<msg timestamp="20210903 22:08:47.902" level="INFO">${response2} = &lt;Response [404]&gt;</msg>
<status status="PASS" starttime="20210903 22:08:47.481" endtime="20210903 22:08:47.902"/>
</kw>
<kw name="Status Should Be" library="RequestsLibrary">
<arg>404</arg>
<arg>${response2}</arg>
<doc>Fails if response status code is different than the expected.</doc>
<status status="PASS" starttime="20210903 22:08:47.907" endtime="20210903 22:08:47.909"/>
</kw>
<status status="PASS" starttime="20210903 22:08:46.542" endtime="20210903 22:08:47.911"/>
</test>
<test id="s1-s2-t2" name="Não deve encontrar o personagem pelo Id inexistente">
<kw name="Get Unique Id" library="Helpers">
<var>${personagem_id}</var>
<msg timestamp="20210903 22:08:47.930" level="INFO">${personagem_id} = 6132c71f50a3a520e853ff46</msg>
<status status="PASS" starttime="20210903 22:08:47.929" endtime="20210903 22:08:47.930"/>
</kw>
<kw name="DELETE Character By Id" library="Characters">
<var>${response}</var>
<arg>${personagem_id}</arg>
<kw name="DELETE" library="RequestsLibrary">
<var>${response}</var>
<arg>${API_URL}/characters/${character_id}</arg>
<arg>headers=${HEADERS}</arg>
<arg>expected_status=any</arg>
<doc>Sends a DELETE request.</doc>
<msg timestamp="20210903 22:08:48.253" level="INFO">DELETE Request : url=http://marvel.qaninja.academy/characters/6132c71f50a3a520e853ff46 
 path_url=/characters/6132c71f50a3a520e853ff46 
 headers={'User-Agent': 'python-requests/2.26.0', 'Accept-Encoding': 'gzip, deflate', 'Accept': '*/*', 'Connection': 'keep-alive', 'client_key': '6132be9c6af31f00169d4496', 'Content-Length': '0'} 
 body=None 
 </msg>
<msg timestamp="20210903 22:08:48.254" level="INFO">DELETE Response : url=http://marvel.qaninja.academy/characters/6132c71f50a3a520e853ff46 
 status=404, reason=Not Found 
 headers={'Server': 'Cowboy', 'Connection': 'keep-alive', 'X-Powered-By': 'Express', 'Access-Control-Allow-Origin': '*', 'Date': 'Sat, 04 Sep 2021 01:08:48 GMT', 'Content-Length': '0', 'Via': '1.1 vegur'} 
 body=None 
 </msg>
<msg timestamp="20210903 22:08:48.254" level="INFO">${response} = &lt;Response [404]&gt;</msg>
<status status="PASS" starttime="20210903 22:08:47.935" endtime="20210903 22:08:48.255"/>
</kw>
<msg timestamp="20210903 22:08:48.260" level="INFO">${response} = &lt;Response [404]&gt;</msg>
<status status="PASS" starttime="20210903 22:08:47.933" endtime="20210903 22:08:48.260"/>
</kw>
<kw name="Status Should Be" library="RequestsLibrary">
<arg>404</arg>
<arg>${response}</arg>
<doc>Fails if response status code is different than the expected.</doc>
<status status="PASS" starttime="20210903 22:08:48.268" endtime="20210903 22:08:48.270"/>
</kw>
<status status="PASS" starttime="20210903 22:08:47.928" endtime="20210903 22:08:48.272"/>
</test>
<doc>Suite de Teste de exclução de personagens na API da Marvel</doc>
<status status="PASS" starttime="20210903 22:08:45.809" endtime="20210903 22:08:48.288"/>
</suite>
<suite id="s1-s3" name="SearchCharacters" source="D:\QANinja_Marvel-API\specs\SearchCharacters.robot">
<kw name="Super Setup" library="Base" type="SETUP">
<arg>tati_sal@hotmail.com</arg>
<kw name="Set Client Key" library="Base">
<arg>${email}</arg>
<kw name="Create Dictionary" library="BuiltIn">
<var>&amp;{usuario}</var>
<arg>email=${email}</arg>
<doc>Creates and returns a dictionary based on the given ``items``.</doc>
<msg timestamp="20210903 22:08:48.326" level="INFO">&amp;{usuario} = { email=tati_sal@hotmail.com }</msg>
<status status="PASS" starttime="20210903 22:08:48.325" endtime="20210903 22:08:48.326"/>
</kw>
<kw name="POST" library="RequestsLibrary">
<var>${response}</var>
<arg>${API_URL}/accounts</arg>
<arg>json=${usuario}</arg>
<doc>Sends a POST request.</doc>
<msg timestamp="20210903 22:08:48.665" level="INFO">POST Request : url=http://marvel.qaninja.academy/accounts 
 path_url=/accounts 
 headers={'User-Agent': 'python-requests/2.26.0', 'Accept-Encoding': 'gzip, deflate', 'Accept': '*/*', 'Connection': 'keep-alive', 'Content-Length': '33', 'Content-Type': 'application/json'} 
 body=b'{"email": "tati_sal@hotmail.com"}' 
 </msg>
<msg timestamp="20210903 22:08:48.665" level="INFO">POST Response : url=http://marvel.qaninja.academy/accounts 
 status=200, reason=OK 
 headers={'Server': 'Cowboy', 'Connection': 'keep-alive', 'X-Powered-By': 'Express', 'Access-Control-Allow-Origin': '*', 'Content-Type': 'application/json; charset=utf-8', 'Content-Length': '41', 'Etag': 'W/"29-UesFe08ipS8CiBzyjv96wgNUsjo"', 'Date': 'Sat, 04 Sep 2021 01:08:49 GMT', 'Via': '1.1 vegur'} 
 body={"client_key":"61301872874ab200165f137e"} 
 </msg>
<msg timestamp="20210903 22:08:48.666" level="INFO">${response} = &lt;Response [200]&gt;</msg>
<status status="PASS" starttime="20210903 22:08:48.331" endtime="20210903 22:08:48.666"/>
</kw>
<kw name="Set Variable" library="BuiltIn">
<var>${client_key}</var>
<arg>${response.json()}[client_key]</arg>
<doc>Returns the given values which can then be assigned to a variables.</doc>
<msg timestamp="20210903 22:08:48.673" level="INFO">${client_key} = 61301872874ab200165f137e</msg>
<status status="PASS" starttime="20210903 22:08:48.670" endtime="20210903 22:08:48.673"/>
</kw>
<kw name="Create Dictionary" library="BuiltIn">
<var>&amp;{HEADERS}</var>
<arg>client_key=${client_key}</arg>
<doc>Creates and returns a dictionary based on the given ``items``.</doc>
<msg timestamp="20210903 22:08:48.679" level="INFO">&amp;{HEADERS} = { client_key=61301872874ab200165f137e }</msg>
<status status="PASS" starttime="20210903 22:08:48.677" endtime="20210903 22:08:48.680"/>
</kw>
<kw name="Set Suite Variable" library="BuiltIn">
<arg>${HEADERS}</arg>
<doc>Makes a variable available everywhere within the scope of the current suite.</doc>
<msg timestamp="20210903 22:08:48.687" level="INFO">${HEADERS} = {'client_key': '61301872874ab200165f137e'}</msg>
<status status="PASS" starttime="20210903 22:08:48.685" endtime="20210903 22:08:48.687"/>
</kw>
<status status="PASS" starttime="20210903 22:08:48.324" endtime="20210903 22:08:48.693"/>
</kw>
<kw name="Back To The Past" library="Base">
<kw name="DELETE" library="RequestsLibrary">
<arg>${API_URL}/delorean</arg>
<arg>headers=${HEADERS}</arg>
<doc>Sends a DELETE request.</doc>
<msg timestamp="20210903 22:08:49.065" level="INFO">DELETE Request : url=http://marvel.qaninja.academy/delorean 
 path_url=/delorean 
 headers={'User-Agent': 'python-requests/2.26.0', 'Accept-Encoding': 'gzip, deflate', 'Accept': '*/*', 'Connection': 'keep-alive', 'client_key': '61301872874ab200165f137e', 'Content-Length': '0'} 
 body=None 
 </msg>
<msg timestamp="20210903 22:08:49.066" level="INFO">DELETE Response : url=http://marvel.qaninja.academy/delorean 
 status=200, reason=OK 
 headers={'Server': 'Cowboy', 'Connection': 'keep-alive', 'X-Powered-By': 'Express', 'Access-Control-Allow-Origin': '*', 'Content-Type': 'application/json; charset=utf-8', 'Content-Length': '31', 'Etag': 'W/"1f-ImqlboUfbv1n1FbEV48J/4RvhGg"', 'Date': 'Sat, 04 Sep 2021 01:08:49 GMT', 'Via': '1.1 vegur'} 
 body={"message":"Avengers Assemble"} 
 </msg>
<status status="PASS" starttime="20210903 22:08:48.695" endtime="20210903 22:08:49.066"/>
</kw>
<status status="PASS" starttime="20210903 22:08:48.694" endtime="20210903 22:08:49.071"/>
</kw>
<status status="PASS" starttime="20210903 22:08:48.323" endtime="20210903 22:08:49.073"/>
</kw>
<test id="s1-s3-t1" name="Deve buscar um personagem pelo Id">
<kw name="Factory Logan" library="Xmen">
<var>${personagem}</var>
<msg timestamp="20210903 22:08:49.077" level="INFO">${personagem} = {'name': 'Logan', 'aliases': 'Wolverine', 'age': 100, 'team': 'X-men', 'active': True}</msg>
<status status="PASS" starttime="20210903 22:08:49.076" endtime="20210903 22:08:49.077"/>
</kw>
<kw name="POST New Character" library="Characters">
<var>${logan}</var>
<arg>${personagem}</arg>
<kw name="POST" library="RequestsLibrary">
<var>${response}</var>
<arg>${API_URL}/characters</arg>
<arg>json=${payload}</arg>
<arg>headers=${HEADERS}</arg>
<arg>expected_status=any</arg>
<doc>Sends a POST request.</doc>
<msg timestamp="20210903 22:08:49.496" level="INFO">POST Request : url=http://marvel.qaninja.academy/characters 
 path_url=/characters 
 headers={'User-Agent': 'python-requests/2.26.0', 'Accept-Encoding': 'gzip, deflate', 'Accept': '*/*', 'Connection': 'keep-alive', 'client_key': '61301872874ab200165f137e', 'Content-Length': '86', 'Content-Type': 'application/json'} 
 body=b'{"name": "Logan", "aliases": "Wolverine", "age": 100, "team": "X-men", "active": true}' 
 </msg>
<msg timestamp="20210903 22:08:49.496" level="INFO">POST Response : url=http://marvel.qaninja.academy/characters 
 status=200, reason=OK 
 headers={'Server': 'Cowboy', 'Connection': 'keep-alive', 'X-Powered-By': 'Express', 'Access-Control-Allow-Origin': '*', 'Content-Type': 'application/json; charset=utf-8', 'Content-Length': '145', 'Etag': 'W/"91-OebUAMWWwB+V6K9aJf9c+Vj1qzU"', 'Date': 'Sat, 04 Sep 2021 01:08:49 GMT', 'Via': '1.1 vegur'} 
 body={"_id":"6132c7216af31f00169d4c61","name":"Logan","age":100,"aliases":"Wolverine","team":"X-men","active":true,"owner":"61301872874ab200165f137e"} 
 </msg>
<msg timestamp="20210903 22:08:49.497" level="INFO">${response} = &lt;Response [200]&gt;</msg>
<status status="PASS" starttime="20210903 22:08:49.084" endtime="20210903 22:08:49.497"/>
</kw>
<msg timestamp="20210903 22:08:49.502" level="INFO">${logan} = &lt;Response [200]&gt;</msg>
<status status="PASS" starttime="20210903 22:08:49.082" endtime="20210903 22:08:49.502"/>
</kw>
<kw name="Set Variable" library="BuiltIn">
<var>${logan_id}</var>
<arg>${logan.json()}[_id]</arg>
<doc>Returns the given values which can then be assigned to a variables.</doc>
<msg timestamp="20210903 22:08:49.512" level="INFO">${logan_id} = 6132c7216af31f00169d4c61</msg>
<status status="PASS" starttime="20210903 22:08:49.509" endtime="20210903 22:08:49.512"/>
</kw>
<kw name="GET Character By Id" library="Characters">
<var>${response}</var>
<arg>${logan_id}</arg>
<kw name="GET" library="RequestsLibrary">
<var>${response}</var>
<arg>${API_URL}/characters/${character_id}</arg>
<arg>headers=${HEADERS}</arg>
<arg>expected_status=any</arg>
<doc>Sends a GET request.</doc>
<msg timestamp="20210903 22:08:49.988" level="INFO">GET Request : url=http://marvel.qaninja.academy/characters/6132c7216af31f00169d4c61 
 path_url=/characters/6132c7216af31f00169d4c61 
 headers={'User-Agent': 'python-requests/2.26.0', 'Accept-Encoding': 'gzip, deflate', 'Accept': '*/*', 'Connection': 'keep-alive', 'client_key': '61301872874ab200165f137e'} 
 body=None 
 </msg>
<msg timestamp="20210903 22:08:49.988" level="INFO">GET Response : url=http://marvel.qaninja.academy/characters/6132c7216af31f00169d4c61 
 status=200, reason=OK 
 headers={'Server': 'Cowboy', 'Connection': 'keep-alive', 'X-Powered-By': 'Express', 'Access-Control-Allow-Origin': '*', 'Content-Type': 'application/json; charset=utf-8', 'Content-Length': '145', 'Etag': 'W/"91-OebUAMWWwB+V6K9aJf9c+Vj1qzU"', 'Date': 'Sat, 04 Sep 2021 01:08:50 GMT', 'Via': '1.1 vegur'} 
 body={"_id":"6132c7216af31f00169d4c61","name":"Logan","age":100,"aliases":"Wolverine","team":"X-men","active":true,"owner":"61301872874ab200165f137e"} 
 </msg>
<msg timestamp="20210903 22:08:49.989" level="INFO">${response} = &lt;Response [200]&gt;</msg>
<status status="PASS" starttime="20210903 22:08:49.523" endtime="20210903 22:08:49.989"/>
</kw>
<msg timestamp="20210903 22:08:49.994" level="INFO">${response} = &lt;Response [200]&gt;</msg>
<status status="PASS" starttime="20210903 22:08:49.520" endtime="20210903 22:08:49.994"/>
</kw>
<kw name="Status Should Be" library="RequestsLibrary">
<arg>200</arg>
<arg>${response}</arg>
<doc>Fails if response status code is different than the expected.</doc>
<status status="PASS" starttime="20210903 22:08:49.999" endtime="20210903 22:08:50.001"/>
</kw>
<kw name="Should Be Equal" library="BuiltIn">
<arg>${logan.json()}[name]</arg>
<arg>${personagem}[name]</arg>
<doc>Fails if the given objects are unequal.</doc>
<status status="PASS" starttime="20210903 22:08:50.003" endtime="20210903 22:08:50.006"/>
</kw>
<kw name="Should Be Equal" library="BuiltIn">
<arg>${logan.json()}[aliases]</arg>
<arg>${personagem}[aliases]</arg>
<doc>Fails if the given objects are unequal.</doc>
<status status="PASS" starttime="20210903 22:08:50.008" endtime="20210903 22:08:50.012"/>
</kw>
<kw name="Should Be Equal" library="BuiltIn">
<arg>${logan.json()}[age]</arg>
<arg>${personagem}[age]</arg>
<doc>Fails if the given objects are unequal.</doc>
<status status="PASS" starttime="20210903 22:08:50.014" endtime="20210903 22:08:50.019"/>
</kw>
<kw name="Should Be Equal" library="BuiltIn">
<arg>${logan.json()}[team]</arg>
<arg>${personagem}[team]</arg>
<doc>Fails if the given objects are unequal.</doc>
<status status="PASS" starttime="20210903 22:08:50.023" endtime="20210903 22:08:50.027"/>
</kw>
<kw name="Should Be Equal" library="BuiltIn">
<arg>${logan.json()}[active]</arg>
<arg>${personagem}[active]</arg>
<doc>Fails if the given objects are unequal.</doc>
<status status="PASS" starttime="20210903 22:08:50.030" endtime="20210903 22:08:50.031"/>
</kw>
<status status="PASS" starttime="20210903 22:08:49.074" endtime="20210903 22:08:50.033"/>
</test>
<test id="s1-s3-t2" name="Não deve retornar o personagem pelo Id">
<kw name="Get Unique Id" library="Helpers">
<var>${personagem_id}</var>
<msg timestamp="20210903 22:08:50.045" level="INFO">${personagem_id} = 6132c72250a3a520e853ff47</msg>
<status status="PASS" starttime="20210903 22:08:50.044" endtime="20210903 22:08:50.045"/>
</kw>
<kw name="GET Character By Id" library="Characters">
<var>${response}</var>
<arg>${personagem_id}</arg>
<kw name="GET" library="RequestsLibrary">
<var>${response}</var>
<arg>${API_URL}/characters/${character_id}</arg>
<arg>headers=${HEADERS}</arg>
<arg>expected_status=any</arg>
<doc>Sends a GET request.</doc>
<msg timestamp="20210903 22:08:50.497" level="INFO">GET Request : url=http://marvel.qaninja.academy/characters/6132c72250a3a520e853ff47 
 path_url=/characters/6132c72250a3a520e853ff47 
 headers={'User-Agent': 'python-requests/2.26.0', 'Accept-Encoding': 'gzip, deflate', 'Accept': '*/*', 'Connection': 'keep-alive', 'client_key': '61301872874ab200165f137e'} 
 body=None 
 </msg>
<msg timestamp="20210903 22:08:50.497" level="INFO">GET Response : url=http://marvel.qaninja.academy/characters/6132c72250a3a520e853ff47 
 status=404, reason=Not Found 
 headers={'Server': 'Cowboy', 'Connection': 'keep-alive', 'X-Powered-By': 'Express', 'Access-Control-Allow-Origin': '*', 'Date': 'Sat, 04 Sep 2021 01:08:50 GMT', 'Content-Length': '0', 'Via': '1.1 vegur'} 
 body=None 
 </msg>
<msg timestamp="20210903 22:08:50.497" level="INFO">${response} = &lt;Response [404]&gt;</msg>
<status status="PASS" starttime="20210903 22:08:50.051" endtime="20210903 22:08:50.498"/>
</kw>
<msg timestamp="20210903 22:08:50.502" level="INFO">${response} = &lt;Response [404]&gt;</msg>
<status status="PASS" starttime="20210903 22:08:50.050" endtime="20210903 22:08:50.502"/>
</kw>
<kw name="Status Should Be" library="RequestsLibrary">
<arg>404</arg>
<doc>Fails if response status code is different than the expected.</doc>
<status status="PASS" starttime="20210903 22:08:50.508" endtime="20210903 22:08:50.509"/>
</kw>
<status status="PASS" starttime="20210903 22:08:50.042" endtime="20210903 22:08:50.511"/>
</test>
<doc>Suite de Teste na busca de personagens na API da Marvel</doc>
<status status="PASS" starttime="20210903 22:08:48.305" endtime="20210903 22:08:50.529"/>
</suite>
<status status="PASS" starttime="20210903 22:08:43.394" endtime="20210903 22:08:50.559"/>
</suite>
<statistics>
<total>
<stat pass="6" fail="0" skip="0">All Tests</stat>
</total>
<tag>
<stat pass="1" fail="0" skip="0">dup</stat>
</tag>
<suite>
<stat pass="6" fail="0" skip="0" id="s1" name="Specs">Specs</stat>
<stat pass="2" fail="0" skip="0" id="s1-s1" name="CreateCharacters">Specs.CreateCharacters</stat>
<stat pass="2" fail="0" skip="0" id="s1-s2" name="RemoveCharacters">Specs.RemoveCharacters</stat>
<stat pass="2" fail="0" skip="0" id="s1-s3" name="SearchCharacters">Specs.SearchCharacters</stat>
</suite>
</statistics>
<errors>
</errors>
</robot>
